<?xml version="1.0"?>
<Locations>
  <Project>
    <vfs_file>C:\GNAT\2021\bin\HashingLab\test.gpr</vfs_file>
    <file_marker column=" 32" line=" 137" >
      <vfs_project />
      <vfs_file>C:\GNAT\2021\bin\HashingLab\src\hashtablestr16.adb</vfs_file>
    </file_marker>
    <file_marker column=" 7" line=" 10" >
      <vfs_project />
      <vfs_file>C:\GNAT\2021\bin\HashingLab\src\main.adb</vfs_file>
    </file_marker>
    <file_marker column=" 71" line=" 59" >
      <vfs_project />
      <vfs_file>C:\GNAT\2021\bin\HashingLab\src\main.adb</vfs_file>
    </file_marker>
    <file_marker column=" 7" line=" 10" >
      <vfs_project />
      <vfs_file>C:\GNAT\2021\bin\HashingLab\src\main.adb</vfs_file>
    </file_marker>
    <file_marker column=" 59" line=" 25" >
      <vfs_project />
      <vfs_file>C:\GNAT\2021\bin\HashingLab\src\main.adb</vfs_file>
    </file_marker>
    <file_marker column=" 7" line=" 10" >
      <vfs_project />
      <vfs_file>C:\GNAT\2021\bin\HashingLab\src\main.adb</vfs_file>
    </file_marker>
    <file_marker column=" 42" line=" 135" >
      <vfs_project />
      <vfs_file>C:\GNAT\2021\bin\HashingLab\src\hashtablestr16.adb</vfs_file>
    </file_marker>
    <file_marker column=" 7" line=" 10" >
      <vfs_project />
      <vfs_file>C:\GNAT\2021\bin\HashingLab\src\main.adb</vfs_file>
    </file_marker>
    <file_marker column=" 42" line=" 135" >
      <vfs_project />
      <vfs_file>C:\GNAT\2021\bin\HashingLab\src\hashtablestr16.adb</vfs_file>
    </file_marker>
    <file_marker column=" 1" line=" 1" >
      <vfs_project />
      <vfs_file>C:\GNAT\2021\bin\HashingLab\src\randomint.adb</vfs_file>
    </file_marker>
    <file_marker column=" 1" line=" 1" >
      <vfs_project />
      <vfs_file>C:\GNAT\2021\bin\HashingLab\src\hashtablestr16.adb</vfs_file>
    </file_marker>
    <file_marker column=" 1" line=" 1" >
      <vfs_project />
      <vfs_file>C:\GNAT\2021\bin\HashingLab\src\randomint.ads</vfs_file>
    </file_marker>
    <file_marker column=" 28" line=" 74" >
      <vfs_project />
      <vfs_file>C:\GNAT\2021\bin\HashingLab\src\main.adb</vfs_file>
    </file_marker>
    <file_marker column=" 7" line=" 10" >
      <vfs_project />
      <vfs_file>C:\GNAT\2021\bin\HashingLab\src\main.adb</vfs_file>
    </file_marker>
    <file_marker column=" 44" line=" 22" >
      <vfs_project />
      <vfs_file>C:\GNAT\2021\bin\HashingLab\src\main.adb</vfs_file>
    </file_marker>
    <file_marker column=" 7" line=" 10" >
      <vfs_project />
      <vfs_file>C:\GNAT\2021\bin\HashingLab\src\main.adb</vfs_file>
    </file_marker>
    <file_marker column=" 56" line=" 8" >
      <vfs_project />
      <vfs_file>C:\GNAT\2021\bin\HashingLab\src\main.adb</vfs_file>
    </file_marker>
    <file_marker column=" 7" line=" 10" >
      <vfs_project />
      <vfs_file>C:\GNAT\2021\bin\HashingLab\src\main.adb</vfs_file>
    </file_marker>
    <file_marker column=" 30" line=" 7" >
      <vfs_project />
      <vfs_file>C:\GNAT\2021\bin\HashingLab\src\hashtableStr16.ads</vfs_file>
    </file_marker>
    <file_marker column=" 7" line=" 10" >
      <vfs_project />
      <vfs_file>C:\GNAT\2021\bin\HashingLab\src\main.adb</vfs_file>
    </file_marker>
    <file_marker column=" 48" line=" 8" >
      <vfs_project />
      <vfs_file>C:\GNAT\2021\bin\HashingLab\src\hashtableStr16.ads</vfs_file>
    </file_marker>
    <file_marker column=" 7" line=" 8" >
      <vfs_project />
      <vfs_file>C:\GNAT\2021\bin\HashingLab\src\main.adb</vfs_file>
    </file_marker>
    <file_marker column=" 48" line=" 8" >
      <vfs_project />
      <vfs_file>C:\GNAT\2021\bin\HashingLab\src\hashtableStr16.ads</vfs_file>
    </file_marker>
    <file_marker column=" 7" line=" 10" >
      <vfs_project />
      <vfs_file>C:\GNAT\2021\bin\HashingLab\src\main.adb</vfs_file>
    </file_marker>
    <file_marker column=" 1" line=" 1" >
      <vfs_project>C:\GNAT\2021\bin\HashingLab\test.gpr</vfs_project>
      <vfs_file>C:\GNAT\2021\bin\HashingLab\src\testmain.adb</vfs_file>
    </file_marker>
    <file_marker column=" 1" line=" 22" >
      <vfs_project>C:\GNAT\2021\bin\HashingLab\test.gpr</vfs_project>
      <vfs_file>C:\GNAT\2021\bin\HashingLab\src\testmain.adb</vfs_file>
    </file_marker>
    <file_marker column=" 1" line=" 1" >
      <vfs_project>C:\GNAT\2021\bin\HashingLab\test.gpr</vfs_project>
      <vfs_file>C:\GNAT\2021\bin\HashingLab\src\hashtableStr16.ads</vfs_file>
    </file_marker>
    <file_marker column=" 4" line=" 22" >
      <vfs_project>C:\GNAT\2021\bin\HashingLab\test.gpr</vfs_project>
      <vfs_file>C:\GNAT\2021\bin\HashingLab\src\testmain.adb</vfs_file>
    </file_marker>
    <file_marker column=" 33" line=" 8" >
      <vfs_project>C:\GNAT\2021\bin\HashingLab\test.gpr</vfs_project>
      <vfs_file>C:\GNAT\2021\bin\HashingLab\src\testmain.adb</vfs_file>
    </file_marker>
    <file_marker column=" 1" line=" 32" >
      <vfs_project>C:\GNAT\2021\bin\HashingLab\test.gpr</vfs_project>
      <vfs_file>C:\GNAT\2021\bin\HashingLab\src\testmain.adb</vfs_file>
    </file_marker>
    <file_marker column=" 47" line=" 8" >
      <vfs_project>C:\GNAT\2021\bin\HashingLab\test.gpr</vfs_project>
      <vfs_file>C:\GNAT\2021\bin\HashingLab\src\testmain.adb</vfs_file>
    </file_marker>
    <file_marker column=" 4" line=" 22" >
      <vfs_project>C:\GNAT\2021\bin\HashingLab\test.gpr</vfs_project>
      <vfs_file>C:\GNAT\2021\bin\HashingLab\src\testmain.adb</vfs_file>
    </file_marker>
    <file_marker column=" 39" line=" 17" >
      <vfs_project>C:\GNAT\2021\bin\HashingLab\test.gpr</vfs_project>
      <vfs_file>C:\GNAT\2021\bin\HashingLab\src\testmain.adb</vfs_file>
    </file_marker>
    <file_marker column=" 14" line=" 19" >
      <vfs_project>C:\GNAT\2021\bin\HashingLab\test.gpr</vfs_project>
      <vfs_file>C:\GNAT\2021\bin\HashingLab\src\testmain.adb</vfs_file>
    </file_marker>
    <file_marker column=" 24" line=" 21" >
      <vfs_project>C:\GNAT\2021\bin\HashingLab\test.gpr</vfs_project>
      <vfs_file>C:\GNAT\2021\bin\HashingLab\src\testmain.adb</vfs_file>
    </file_marker>
    <file_marker column=" 13" line=" 19" >
      <vfs_project>C:\GNAT\2021\bin\HashingLab\test.gpr</vfs_project>
      <vfs_file>C:\GNAT\2021\bin\HashingLab\src\testmain.adb</vfs_file>
    </file_marker>
    <file_marker column=" 6" line=" 16" >
      <vfs_project>C:\GNAT\2021\bin\HashingLab\test.gpr</vfs_project>
      <vfs_file>C:\GNAT\2021\bin\HashingLab\src\testmain.adb</vfs_file>
    </file_marker>
    <file_marker column=" 92" line=" 1" >
      <vfs_project>C:\GNAT\2021\bin\HashingLab\test.gpr</vfs_project>
      <vfs_file>C:\GNAT\2021\bin\HashingLab\src\testmain.adb</vfs_file>
    </file_marker>
    <file_marker column=" 10" line=" 11" >
      <vfs_project>C:\GNAT\2021\bin\HashingLab\test.gpr</vfs_project>
      <vfs_file>C:\GNAT\2021\bin\HashingLab\src\testmain.adb</vfs_file>
    </file_marker>
    <file_marker column=" 1" line=" 9" >
      <vfs_project>C:\GNAT\2021\bin\HashingLab\test.gpr</vfs_project>
      <vfs_file>C:\GNAT\2021\bin\HashingLab\src\testmain.adb</vfs_file>
    </file_marker>
    <file_marker column=" 6" line=" 16" >
      <vfs_project>C:\GNAT\2021\bin\HashingLab\test.gpr</vfs_project>
      <vfs_file>C:\GNAT\2021\bin\HashingLab\src\testmain.adb</vfs_file>
    </file_marker>
    <file_marker column=" 1" line=" 32" >
      <vfs_project>C:\GNAT\2021\bin\HashingLab\test.gpr</vfs_project>
      <vfs_file>C:\GNAT\2021\bin\HashingLab\src\testmain.adb</vfs_file>
    </file_marker>
    <file_marker column=" 6" line=" 16" >
      <vfs_project>C:\GNAT\2021\bin\HashingLab\test.gpr</vfs_project>
      <vfs_file>C:\GNAT\2021\bin\HashingLab\src\testmain.adb</vfs_file>
    </file_marker>
    <file_marker column=" 4" line=" 23" >
      <vfs_project>C:\GNAT\2021\bin\HashingLab\test.gpr</vfs_project>
      <vfs_file>C:\GNAT\2021\bin\HashingLab\src\testmain.adb</vfs_file>
    </file_marker>
    <file_marker column=" 6" line=" 16" >
      <vfs_project>C:\GNAT\2021\bin\HashingLab\test.gpr</vfs_project>
      <vfs_file>C:\GNAT\2021\bin\HashingLab\src\testmain.adb</vfs_file>
    </file_marker>
    <file_marker column=" 91" line=" 1" >
      <vfs_project>C:\GNAT\2021\bin\HashingLab\test.gpr</vfs_project>
      <vfs_file>C:\GNAT\2021\bin\HashingLab\src\testmain.adb</vfs_file>
    </file_marker>
    <file_marker column=" 6" line=" 16" >
      <vfs_project>C:\GNAT\2021\bin\HashingLab\test.gpr</vfs_project>
      <vfs_file>C:\GNAT\2021\bin\HashingLab\src\testmain.adb</vfs_file>
    </file_marker>
    <file_marker column=" 4" line=" 23" >
      <vfs_project>C:\GNAT\2021\bin\HashingLab\test.gpr</vfs_project>
      <vfs_file>C:\GNAT\2021\bin\HashingLab\src\testmain.adb</vfs_file>
    </file_marker>
    <file_marker column=" 4" line=" 13" >
      <vfs_project>C:\GNAT\2021\bin\HashingLab\test.gpr</vfs_project>
      <vfs_file>C:\GNAT\2021\bin\HashingLab\src\testmain.adb</vfs_file>
    </file_marker>
    <file_marker column=" 6" line=" 16" >
      <vfs_project>C:\GNAT\2021\bin\HashingLab\test.gpr</vfs_project>
      <vfs_file>C:\GNAT\2021\bin\HashingLab\src\testmain.adb</vfs_file>
    </file_marker>
    <file_marker column=" 4" line=" 13" >
      <vfs_project>C:\GNAT\2021\bin\HashingLab\test.gpr</vfs_project>
      <vfs_file>C:\GNAT\2021\bin\HashingLab\src\testmain.adb</vfs_file>
    </file_marker>
    <file_marker column=" 21" line=" 24" >
      <vfs_project>C:\GNAT\2021\bin\HashingLab\test.gpr</vfs_project>
      <vfs_file>C:\GNAT\2021\bin\HashingLab\src\testmain.adb</vfs_file>
    </file_marker>
    <file_marker column=" 4" line=" 13" >
      <vfs_project>C:\GNAT\2021\bin\HashingLab\test.gpr</vfs_project>
      <vfs_file>C:\GNAT\2021\bin\HashingLab\src\testmain.adb</vfs_file>
    </file_marker>
    <file_marker column=" 1" line=" 32" >
      <vfs_project>C:\GNAT\2021\bin\HashingLab\test.gpr</vfs_project>
      <vfs_file>C:\GNAT\2021\bin\HashingLab\src\testmain.adb</vfs_file>
    </file_marker>
    <file_marker column=" 4" line=" 13" >
      <vfs_project>C:\GNAT\2021\bin\HashingLab\test.gpr</vfs_project>
      <vfs_file>C:\GNAT\2021\bin\HashingLab\src\testmain.adb</vfs_file>
    </file_marker>
    <file_marker column=" 1" line=" 32" >
      <vfs_project>C:\GNAT\2021\bin\HashingLab\test.gpr</vfs_project>
      <vfs_file>C:\GNAT\2021\bin\HashingLab\src\testmain.adb</vfs_file>
    </file_marker>
    <file_marker column=" 56" line=" 13" >
      <vfs_project>C:\GNAT\2021\bin\HashingLab\test.gpr</vfs_project>
      <vfs_file>C:\GNAT\2021\bin\HashingLab\src\testmain.adb</vfs_file>
    </file_marker>
    <file_marker column=" 11" line=" 27" >
      <vfs_project>C:\GNAT\2021\bin\HashingLab\test.gpr</vfs_project>
      <vfs_file>C:\GNAT\2021\bin\HashingLab\src\testmain.adb</vfs_file>
    </file_marker>
    <file_marker column=" 1" line=" 32" >
      <vfs_project>C:\GNAT\2021\bin\HashingLab\test.gpr</vfs_project>
      <vfs_file>C:\GNAT\2021\bin\HashingLab\src\testmain.adb</vfs_file>
    </file_marker>
    <file_marker column=" 4" line=" 13" >
      <vfs_project>C:\GNAT\2021\bin\HashingLab\test.gpr</vfs_project>
      <vfs_file>C:\GNAT\2021\bin\HashingLab\src\testmain.adb</vfs_file>
    </file_marker>
    <file_marker column=" 23" line=" 29" >
      <vfs_project>C:\GNAT\2021\bin\HashingLab\test.gpr</vfs_project>
      <vfs_file>C:\GNAT\2021\bin\HashingLab\src\testmain.adb</vfs_file>
    </file_marker>
    <file_marker column=" 4" line=" 13" >
      <vfs_project>C:\GNAT\2021\bin\HashingLab\test.gpr</vfs_project>
      <vfs_file>C:\GNAT\2021\bin\HashingLab\src\testmain.adb</vfs_file>
    </file_marker>
    <file_marker column=" 21" line=" 24" >
      <vfs_project>C:\GNAT\2021\bin\HashingLab\test.gpr</vfs_project>
      <vfs_file>C:\GNAT\2021\bin\HashingLab\src\testmain.adb</vfs_file>
    </file_marker>
    <file_marker column=" 4" line=" 13" >
      <vfs_project>C:\GNAT\2021\bin\HashingLab\test.gpr</vfs_project>
      <vfs_file>C:\GNAT\2021\bin\HashingLab\src\testmain.adb</vfs_file>
    </file_marker>
    <file_marker column=" 1" line=" 1" >
      <vfs_project>C:\GNAT\2021\bin\HashingLab\test.gpr</vfs_project>
      <vfs_file>C:\GNAT\2021\bin\HashingLab\src\hashtableStr16.adb</vfs_file>
    </file_marker>
    <file_marker column=" 1" line=" 1" >
      <vfs_project>C:\GNAT\2021\bin\HashingLab\test.gpr</vfs_project>
      <vfs_file>C:\GNAT\2021\bin\HashingLab\src\hashtableStr16.ads</vfs_file>
    </file_marker>
    <file_marker column=" 1" line=" 1" >
      <vfs_project>C:\GNAT\2021\bin\HashingLab\test.gpr</vfs_project>
      <vfs_file>C:\GNAT\2021\bin\HashingLab\src\testmain.adb</vfs_file>
    </file_marker>
    <file_marker column=" 32" line=" 30" >
      <vfs_project>C:\GNAT\2021\bin\HashingLab\test.gpr</vfs_project>
      <vfs_file>C:\GNAT\2021\bin\HashingLab\src\testmain.adb</vfs_file>
    </file_marker>
    <file_marker current="true" column=" 4" line=" 13" >
      <vfs_project>C:\GNAT\2021\bin\HashingLab\test.gpr</vfs_project>
      <vfs_file>C:\GNAT\2021\bin\HashingLab\src\testmain.adb</vfs_file>
    </file_marker>
  </Project>
</Locations>
